<?xml version="1.0" encoding="UTF-8"?>
<testng-results ignored="0" total="1" passed="0" failed="1" skipped="0">
  <reporter-output>
  </reporter-output>
  <suite started-at="2025-08-11T21:07:26 IST" name="Default suite" finished-at="2025-08-11T21:08:24 IST" duration-ms="58206">
    <groups>
    </groups>
    <test started-at="2025-08-11T21:07:26 IST" name="Default test" finished-at="2025-08-11T21:08:24 IST" duration-ms="58206">
      <class name="sele.com.TracingDebug">
        <test-method signature="LoginTestNG()[pri:0, instance:sele.com.TracingDebug@47987356]" started-at="2025-08-11T21:07:26 IST" name="LoginTestNG" finished-at="2025-08-11T21:08:24 IST" duration-ms="58170" status="FAIL">
          <exception class="com.microsoft.playwright.TimeoutError">
            <message>
              <![CDATA[Error {
  message='Timeout 30000ms exceeded.
  name='TimeoutError
  stack='TimeoutError: Timeout 30000ms exceeded.
    at ProgressController.run (C:\Users\IRUDAY~1\AppData\Local\Temp\playwright-java-3280547023922345916\package\lib\server\progress.js:76:26)
    at Frame.click (C:\Users\IRUDAY~1\AppData\Local\Temp\playwright-java-3280547023922345916\package\lib\server\frames.js:959:23)
    at FrameDispatcher.click (C:\Users\IRUDAY~1\AppData\Local\Temp\playwright-java-3280547023922345916\package\lib\server\dispatchers\frameDispatcher.js:117:30)
    at FrameDispatcher._handleCommand (C:\Users\IRUDAY~1\AppData\Local\Temp\playwright-java-3280547023922345916\package\lib\server\dispatchers\dispatcher.js:88:40)
    at DispatcherConnection.dispatch (C:\Users\IRUDAY~1\AppData\Local\Temp\playwright-java-3280547023922345916\package\lib\server\dispatchers\dispatcher.js:309:39)
}
Call log:
-   - waiting for getByText("SignUp")
]]>
            </message>
            <full-stacktrace>
              <![CDATA[com.microsoft.playwright.TimeoutError: Error {
  message='Timeout 30000ms exceeded.
  name='TimeoutError
  stack='TimeoutError: Timeout 30000ms exceeded.
    at ProgressController.run (C:\Users\IRUDAY~1\AppData\Local\Temp\playwright-java-3280547023922345916\package\lib\server\progress.js:76:26)
    at Frame.click (C:\Users\IRUDAY~1\AppData\Local\Temp\playwright-java-3280547023922345916\package\lib\server\frames.js:959:23)
    at FrameDispatcher.click (C:\Users\IRUDAY~1\AppData\Local\Temp\playwright-java-3280547023922345916\package\lib\server\dispatchers\frameDispatcher.js:117:30)
    at FrameDispatcher._handleCommand (C:\Users\IRUDAY~1\AppData\Local\Temp\playwright-java-3280547023922345916\package\lib\server\dispatchers\dispatcher.js:88:40)
    at DispatcherConnection.dispatch (C:\Users\IRUDAY~1\AppData\Local\Temp\playwright-java-3280547023922345916\package\lib\server\dispatchers\dispatcher.js:309:39)
}
Call log:
-   - waiting for getByText("SignUp")

at com.microsoft.playwright.impl.WaitableResult.get(WaitableResult.java:52)
at com.microsoft.playwright.impl.ChannelOwner.runUntil(ChannelOwner.java:138)
at com.microsoft.playwright.impl.Connection.sendMessage(Connection.java:131)
at com.microsoft.playwright.impl.ChannelOwner.sendMessage(ChannelOwner.java:124)
at com.microsoft.playwright.impl.FrameImpl.clickImpl(FrameImpl.java:241)
at com.microsoft.playwright.impl.FrameImpl.click(FrameImpl.java:232)
at com.microsoft.playwright.impl.LocatorImpl.click(LocatorImpl.java:164)
at com.microsoft.playwright.Locator.click(Locator.java:2500)
at sele.com.TracingDebug.LoginTestNG(TracingDebug.java:49)
at java.base/jdk.internal.reflect.NativeMethodAccessorImpl.invoke0(Native Method)
at java.base/jdk.internal.reflect.NativeMethodAccessorImpl.invoke(NativeMethodAccessorImpl.java:78)
at java.base/jdk.internal.reflect.DelegatingMethodAccessorImpl.invoke(DelegatingMethodAccessorImpl.java:43)
at java.base/java.lang.reflect.Method.invoke(Method.java:567)
at org.testng.internal.MethodInvocationHelper.invokeMethod(MethodInvocationHelper.java:133)
at org.testng.internal.TestInvoker.invokeMethod(TestInvoker.java:598)
at org.testng.internal.TestInvoker.invokeTestMethod(TestInvoker.java:173)
at org.testng.internal.MethodRunner.runInSequence(MethodRunner.java:46)
at org.testng.internal.TestInvoker$MethodInvocationAgent.invoke(TestInvoker.java:824)
at org.testng.internal.TestInvoker.invokeTestMethods(TestInvoker.java:146)
at org.testng.internal.TestMethodWorker.invokeTestMethods(TestMethodWorker.java:146)
at org.testng.internal.TestMethodWorker.run(TestMethodWorker.java:128)
at java.base/java.util.ArrayList.forEach(ArrayList.java:1511)
at org.testng.TestRunner.privateRun(TestRunner.java:794)
at org.testng.TestRunner.run(TestRunner.java:596)
at org.testng.SuiteRunner.runTest(SuiteRunner.java:377)
at org.testng.SuiteRunner.runSequentially(SuiteRunner.java:371)
at org.testng.SuiteRunner.privateRun(SuiteRunner.java:332)
at org.testng.SuiteRunner.run(SuiteRunner.java:276)
at org.testng.SuiteRunnerWorker.runSuite(SuiteRunnerWorker.java:53)
at org.testng.SuiteRunnerWorker.run(SuiteRunnerWorker.java:96)
at org.testng.TestNG.runSuitesSequentially(TestNG.java:1212)
at org.testng.TestNG.runSuitesLocally(TestNG.java:1134)
at org.testng.TestNG.runSuites(TestNG.java:1063)
at org.testng.TestNG.run(TestNG.java:1031)
at org.testng.remote.AbstractRemoteTestNG.run(AbstractRemoteTestNG.java:115)
at org.testng.remote.RemoteTestNG.initAndRun(RemoteTestNG.java:251)
at org.testng.remote.RemoteTestNG.main(RemoteTestNG.java:77)
Caused by: com.microsoft.playwright.TimeoutError: Error {
  message='Timeout 30000ms exceeded.
  name='TimeoutError
  stack='TimeoutError: Timeout 30000ms exceeded.
    at ProgressController.run (C:\Users\IRUDAY~1\AppData\Local\Temp\playwright-java-3280547023922345916\package\lib\server\progress.js:76:26)
    at Frame.click (C:\Users\IRUDAY~1\AppData\Local\Temp\playwright-java-3280547023922345916\package\lib\server\frames.js:959:23)
    at FrameDispatcher.click (C:\Users\IRUDAY~1\AppData\Local\Temp\playwright-java-3280547023922345916\package\lib\server\dispatchers\frameDispatcher.js:117:30)
    at FrameDispatcher._handleCommand (C:\Users\IRUDAY~1\AppData\Local\Temp\playwright-java-3280547023922345916\package\lib\server\dispatchers\dispatcher.js:88:40)
    at DispatcherConnection.dispatch (C:\Users\IRUDAY~1\AppData\Local\Temp\playwright-java-3280547023922345916\package\lib\server\dispatchers\dispatcher.js:309:39)
}
Call log:
-   - waiting for getByText("SignUp")

at com.microsoft.playwright.impl.Connection.dispatch(Connection.java:257)
at com.microsoft.playwright.impl.Connection.processOneMessage(Connection.java:214)
at com.microsoft.playwright.impl.ChannelOwner.runUntil(ChannelOwner.java:136)
... 35 more
]]>
            </full-stacktrace>
          </exception> <!-- com.microsoft.playwright.TimeoutError -->
          <reporter-output>
          </reporter-output>
        </test-method> <!-- LoginTestNG -->
      </class> <!-- sele.com.TracingDebug -->
    </test> <!-- Default test -->
  </suite> <!-- Default suite -->
</testng-results>
