<?xml version="1.0" encoding="UTF-8"?>
<testng-results ignored="0" total="3" passed="3" failed="0" skipped="0">
  <reporter-output>
  </reporter-output>
  <suite started-at="2025-08-21T20:30:19 IST" name="Suite" finished-at="2025-08-21T20:30:59 IST" duration-ms="39047">
    <groups>
    </groups>
    <test started-at="2025-08-21T20:30:19 IST" name="SafariTest" finished-at="2025-08-21T20:30:51 IST" duration-ms="31900">
      <class name="sele.com.CrossBrowsingTest">
        <test-method is-config="true" signature="setUp(java.lang.String)[pri:0, instance:sele.com.CrossBrowsingTest@537f60bf]" started-at="2025-08-21T20:30:20 IST" name="setUp" finished-at="2025-08-21T20:30:46 IST" duration-ms="26281" status="PASS">
          <params>
            <param index="0">
              <value>
                <![CDATA[Safari]]>
              </value>
            </param>
          </params>
          <reporter-output>
          </reporter-output>
        </test-method> <!-- setUp -->
        <test-method signature="loginTest()[pri:0, instance:sele.com.CrossBrowsingTest@537f60bf]" started-at="2025-08-21T20:30:46 IST" name="loginTest" finished-at="2025-08-21T20:30:51 IST" duration-ms="5376" status="PASS">
          <reporter-output>
          </reporter-output>
        </test-method> <!-- loginTest -->
        <test-method is-config="true" signature="tearDown()[pri:0, instance:sele.com.CrossBrowsingTest@537f60bf]" started-at="2025-08-21T20:30:51 IST" name="tearDown" finished-at="2025-08-21T20:30:51 IST" duration-ms="205" status="PASS">
          <reporter-output>
          </reporter-output>
        </test-method> <!-- tearDown -->
      </class> <!-- sele.com.CrossBrowsingTest -->
    </test> <!-- SafariTest -->
    <test started-at="2025-08-21T20:30:19 IST" name="ChromeTest" finished-at="2025-08-21T20:30:57 IST" duration-ms="37243">
      <class name="sele.com.CrossBrowsingTest">
        <test-method is-config="true" signature="setUp(java.lang.String)[pri:0, instance:sele.com.CrossBrowsingTest@4fb3ee4e]" started-at="2025-08-21T20:30:20 IST" name="setUp" finished-at="2025-08-21T20:30:41 IST" duration-ms="21401" status="PASS">
          <params>
            <param index="0">
              <value>
                <![CDATA[Chrome]]>
              </value>
            </param>
          </params>
          <reporter-output>
          </reporter-output>
        </test-method> <!-- setUp -->
        <test-method signature="loginTest()[pri:0, instance:sele.com.CrossBrowsingTest@4fb3ee4e]" started-at="2025-08-21T20:30:41 IST" name="loginTest" finished-at="2025-08-21T20:30:46 IST" duration-ms="4971" status="PASS">
          <reporter-output>
          </reporter-output>
        </test-method> <!-- loginTest -->
        <test-method is-config="true" signature="tearDown()[pri:0, instance:sele.com.CrossBrowsingTest@4fb3ee4e]" started-at="2025-08-21T20:30:46 IST" name="tearDown" finished-at="2025-08-21T20:30:57 IST" duration-ms="10835" status="PASS">
          <reporter-output>
          </reporter-output>
        </test-method> <!-- tearDown -->
      </class> <!-- sele.com.CrossBrowsingTest -->
    </test> <!-- ChromeTest -->
    <test started-at="2025-08-21T20:30:19 IST" name="FireFoxTest" finished-at="2025-08-21T20:30:59 IST" duration-ms="39047">
      <class name="sele.com.CrossBrowsingTest">
        <test-method is-config="true" signature="setUp(java.lang.String)[pri:0, instance:sele.com.CrossBrowsingTest@3012646b]" started-at="2025-08-21T20:30:20 IST" name="setUp" finished-at="2025-08-21T20:30:51 IST" duration-ms="31851" status="PASS">
          <params>
            <param index="0">
              <value>
                <![CDATA[FireFox]]>
              </value>
            </param>
          </params>
          <reporter-output>
          </reporter-output>
        </test-method> <!-- setUp -->
        <test-method signature="loginTest()[pri:0, instance:sele.com.CrossBrowsingTest@3012646b]" started-at="2025-08-21T20:30:51 IST" name="loginTest" finished-at="2025-08-21T20:30:56 IST" duration-ms="5064" status="PASS">
          <reporter-output>
          </reporter-output>
        </test-method> <!-- loginTest -->
        <test-method is-config="true" signature="tearDown()[pri:0, instance:sele.com.CrossBrowsingTest@3012646b]" started-at="2025-08-21T20:30:56 IST" name="tearDown" finished-at="2025-08-21T20:30:59 IST" duration-ms="2097" status="PASS">
          <reporter-output>
          </reporter-output>
        </test-method> <!-- tearDown -->
      </class> <!-- sele.com.CrossBrowsingTest -->
    </test> <!-- FireFoxTest -->
  </suite> <!-- Suite -->
</testng-results>
